viewer/build/intermediates/manifest_merge_blame_file/debug/processDebugMainManifest/manifest-merger-blame-debug-report.txt
1<?xml version="1.0" encoding="utf-8"?>
2<manifest xmlns:android="http://schemas.android.com/apk/res/android"
3    package="com.kojoscope.viewer"
4    android:versionCode="1"
5    android:versionName="1.0" >
6
7    <uses-sdk
8        android:minSdkVersion="29"
9        android:targetSdkVersion="36" />
10
11    <uses-permission android:name="android.permission.INTERNET" />
11-->src/main/AndroidManifest.xml:4:5-67
11-->src/main/AndroidManifest.xml:4:22-64
12
13    <permission
13-->[androidx.core:core:1.12.0] AndroidManifest.xml:22:5-24:47
14        android:name="com.kojoscope.viewer.DYNAMIC_RECEIVER_NOT_EXPORTED_PERMISSION"
14-->[androidx.core:core:1.12.0] AndroidManifest.xml:23:9-81
15        android:protectionLevel="signature" />
15-->[androidx.core:core:1.12.0] AndroidManifest.xml:24:9-44
16
17    <uses-permission android:name="com.kojoscope.viewer.DYNAMIC_RECEIVER_NOT_EXPORTED_PERMISSION" />
17-->[androidx.core:core:1.12.0] AndroidManifest.xml:26:5-97
17-->[androidx.core:core:1.12.0] AndroidManifest.xml:26:22-94
18
19    <supports-screens
19-->[org.osmdroid:osmdroid-android:6.1.18] AndroidManifest.xml:9:5-12:40
20        android:anyDensity="true"
20-->[org.osmdroid:osmdroid-android:6.1.18] AndroidManifest.xml:10:9-34
21        android:largeScreens="true"
21-->[org.osmdroid:osmdroid-android:6.1.18] AndroidManifest.xml:11:9-36
22        android:normalScreens="true" />
22-->[org.osmdroid:osmdroid-android:6.1.18] AndroidManifest.xml:12:9-37
23
24    <uses-feature
24-->[org.osmdroid:osmdroid-android:6.1.18] AndroidManifest.xml:14:5-16:36
25        android:name="android.hardware.location.network"
25-->[org.osmdroid:osmdroid-android:6.1.18] AndroidManifest.xml:15:9-57
26        android:required="false" />
26-->[org.osmdroid:osmdroid-android:6.1.18] AndroidManifest.xml:16:9-33
27    <uses-feature
27-->[org.osmdroid:osmdroid-android:6.1.18] AndroidManifest.xml:17:5-19:36
28        android:name="android.hardware.location.gps"
28-->[org.osmdroid:osmdroid-android:6.1.18] AndroidManifest.xml:18:9-53
29        android:required="false" />
29-->[org.osmdroid:osmdroid-android:6.1.18] AndroidManifest.xml:19:9-33
30    <uses-feature
30-->[org.osmdroid:osmdroid-android:6.1.18] AndroidManifest.xml:20:5-22:36
31        android:name="android.hardware.telephony"
31-->[org.osmdroid:osmdroid-android:6.1.18] AndroidManifest.xml:21:9-50
32        android:required="false" />
32-->[org.osmdroid:osmdroid-android:6.1.18] AndroidManifest.xml:22:9-33
33    <uses-feature
33-->[org.osmdroid:osmdroid-android:6.1.18] AndroidManifest.xml:23:5-25:36
34        android:name="android.hardware.wifi"
34-->[org.osmdroid:osmdroid-android:6.1.18] AndroidManifest.xml:24:9-45
35        android:required="false" />
35-->[org.osmdroid:osmdroid-android:6.1.18] AndroidManifest.xml:25:9-33
36
37    <application
37-->src/main/AndroidManifest.xml:6:5-34:19
38        android:name="com.kojoscope.viewer.ViewerApp"
38-->src/main/AndroidManifest.xml:7:9-34
39        android:allowBackup="true"
39-->src/main/AndroidManifest.xml:8:9-35
40        android:appComponentFactory="androidx.core.app.CoreComponentFactory"
40-->[androidx.core:core:1.12.0] AndroidManifest.xml:28:18-86
41        android:debuggable="true"
42        android:extractNativeLibs="false"
43        android:icon="@mipmap/ic_launcher"
43-->src/main/AndroidManifest.xml:9:9-43
44        android:label="KojoScope"
44-->src/main/AndroidManifest.xml:10:9-34
45        android:roundIcon="@mipmap/ic_launcher"
45-->src/main/AndroidManifest.xml:11:9-48
46        android:supportsRtl="true" >
46-->src/main/AndroidManifest.xml:12:9-35
47        <activity
47-->src/main/AndroidManifest.xml:14:9-21:20
48            android:name="com.kojoscope.viewer.MainActivity"
48-->src/main/AndroidManifest.xml:15:13-41
49            android:exported="true" >
49-->src/main/AndroidManifest.xml:16:13-36
50            <intent-filter>
50-->src/main/AndroidManifest.xml:17:13-20:29
51                <action android:name="android.intent.action.MAIN" />
51-->src/main/AndroidManifest.xml:18:17-69
51-->src/main/AndroidManifest.xml:18:25-66
52
53                <category android:name="android.intent.category.LAUNCHER" />
53-->src/main/AndroidManifest.xml:19:17-77
53-->src/main/AndroidManifest.xml:19:27-74
54            </intent-filter>
55        </activity>
56        <activity android:name="com.kojoscope.viewer.ui.player.MediaViewerActivity" />
56-->src/main/AndroidManifest.xml:23:9-67
56-->src/main/AndroidManifest.xml:23:19-64
57
58        <provider
58-->src/main/AndroidManifest.xml:25:9-33:20
59            android:name="androidx.core.content.FileProvider"
59-->src/main/AndroidManifest.xml:26:13-62
60            android:authorities="com.kojoscope.viewer.fileprovider"
60-->src/main/AndroidManifest.xml:27:13-68
61            android:exported="false"
61-->src/main/AndroidManifest.xml:28:13-37
62            android:grantUriPermissions="true" >
62-->src/main/AndroidManifest.xml:29:13-47
63            <meta-data
63-->src/main/AndroidManifest.xml:30:13-32:54
64                android:name="android.support.FILE_PROVIDER_PATHS"
64-->src/main/AndroidManifest.xml:31:17-67
65                android:resource="@xml/file_paths" />
65-->src/main/AndroidManifest.xml:32:17-51
66        </provider>
67        <provider
67-->[androidx.emoji2:emoji2:1.2.0] AndroidManifest.xml:24:9-32:20
68            android:name="androidx.startup.InitializationProvider"
68-->[androidx.emoji2:emoji2:1.2.0] AndroidManifest.xml:25:13-67
69            android:authorities="com.kojoscope.viewer.androidx-startup"
69-->[androidx.emoji2:emoji2:1.2.0] AndroidManifest.xml:26:13-68
70            android:exported="false" >
70-->[androidx.emoji2:emoji2:1.2.0] AndroidManifest.xml:27:13-37
71            <meta-data
71-->[androidx.emoji2:emoji2:1.2.0] AndroidManifest.xml:29:13-31:52
72                android:name="androidx.emoji2.text.EmojiCompatInitializer"
72-->[androidx.emoji2:emoji2:1.2.0] AndroidManifest.xml:30:17-75
73                android:value="androidx.startup" />
73-->[androidx.emoji2:emoji2:1.2.0] AndroidManifest.xml:31:17-49
74            <meta-data
74-->[androidx.lifecycle:lifecycle-process:2.6.1] AndroidManifest.xml:29:13-31:52
75                android:name="androidx.lifecycle.ProcessLifecycleInitializer"
75-->[androidx.lifecycle:lifecycle-process:2.6.1] AndroidManifest.xml:30:17-78
76                android:value="androidx.startup" />
76-->[androidx.lifecycle:lifecycle-process:2.6.1] AndroidManifest.xml:31:17-49
77            <meta-data
77-->[androidx.profileinstaller:profileinstaller:1.3.0] AndroidManifest.xml:29:13-31:52
78                android:name="androidx.profileinstaller.ProfileInstallerInitializer"
78-->[androidx.profileinstaller:profileinstaller:1.3.0] AndroidManifest.xml:30:17-85
79                android:value="androidx.startup" />
79-->[androidx.profileinstaller:profileinstaller:1.3.0] AndroidManifest.xml:31:17-49
80        </provider>
81
82        <receiver
82-->[androidx.profileinstaller:profileinstaller:1.3.0] AndroidManifest.xml:34:9-52:20
83            android:name="androidx.profileinstaller.ProfileInstallReceiver"
83-->[androidx.profileinstaller:profileinstaller:1.3.0] AndroidManifest.xml:35:13-76
84            android:directBootAware="false"
84-->[androidx.profileinstaller:profileinstaller:1.3.0] AndroidManifest.xml:36:13-44
85            android:enabled="true"
85-->[androidx.profileinstaller:profileinstaller:1.3.0] AndroidManifest.xml:37:13-35
86            android:exported="true"
86-->[androidx.profileinstaller:profileinstaller:1.3.0] AndroidManifest.xml:38:13-36
87            android:permission="android.permission.DUMP" >
87-->[androidx.profileinstaller:profileinstaller:1.3.0] AndroidManifest.xml:39:13-57
88            <intent-filter>
88-->[androidx.profileinstaller:profileinstaller:1.3.0] AndroidManifest.xml:40:13-42:29
89                <action android:name="androidx.profileinstaller.action.INSTALL_PROFILE" />
89-->[androidx.profileinstaller:profileinstaller:1.3.0] AndroidManifest.xml:41:17-91
89-->[androidx.profileinstaller:profileinstaller:1.3.0] AndroidManifest.xml:41:25-88
90            </intent-filter>
91            <intent-filter>
91-->[androidx.profileinstaller:profileinstaller:1.3.0] AndroidManifest.xml:43:13-45:29
92                <action android:name="androidx.profileinstaller.action.SKIP_FILE" />
92-->[androidx.profileinstaller:profileinstaller:1.3.0] AndroidManifest.xml:44:17-85
92-->[androidx.profileinstaller:profileinstaller:1.3.0] AndroidManifest.xml:44:25-82
93            </intent-filter>
94            <intent-filter>
94-->[androidx.profileinstaller:profileinstaller:1.3.0] AndroidManifest.xml:46:13-48:29
95                <action android:name="androidx.profileinstaller.action.SAVE_PROFILE" />
95-->[androidx.profileinstaller:profileinstaller:1.3.0] AndroidManifest.xml:47:17-88
95-->[androidx.profileinstaller:profileinstaller:1.3.0] AndroidManifest.xml:47:25-85
96            </intent-filter>
97            <intent-filter>
97-->[androidx.profileinstaller:profileinstaller:1.3.0] AndroidManifest.xml:49:13-51:29
98                <action android:name="androidx.profileinstaller.action.BENCHMARK_OPERATION" />
98-->[androidx.profileinstaller:profileinstaller:1.3.0] AndroidManifest.xml:50:17-95
98-->[androidx.profileinstaller:profileinstaller:1.3.0] AndroidManifest.xml:50:25-92
99            </intent-filter>
100        </receiver>
101    </application>
102
103</manifest>